#
# There is insufficient memory for the Java Runtime Environment to continue.
# Native memory allocation (mmap) failed to map 134217728 bytes for Failed to commit area from 0x0000000081400000 to 0x0000000089400000 of length 134217728.
# Possible reasons:
#   The system is out of physical RAM or swap space
#   The process is running with CompressedOops enabled, and the Java Heap may be blocking the growth of the native heap
# Possible solutions:
#   Reduce memory load on the system
#   Increase physical memory or swap space
#   Check if swap backing store is full
#   Decrease Java heap size (-Xmx/-Xms)
#   Decrease number of Java threads
#   Decrease Java thread stack sizes (-Xss)
#   Set larger code cache with -XX:ReservedCodeCacheSize=
# This output file may be truncated or incomplete.
#
#  Out of Memory Error (t:/workspace/open/src/hotspot/os/windows/os_windows.cpp:3269), pid=30052, tid=22128
#
# JRE version:  (11.0.2+9) (build )
# Java VM: Java HotSpot(TM) 64-Bit Server VM (11.0.2+9-LTS, mixed mode, aot, sharing, tiered, compressed oops, g1 gc, windows-amd64)
# No core dump will be written. Minidumps are not enabled by default on client versions of Windows
#

---------------  S U M M A R Y ------------

Command Line: -Dfile.encoding=UTF-8 edu.smith.cs.csc212.p4.InteractiveFiction

Host: Intel(R) Core(TM) i3-8130U CPU @ 2.20GHz, 4 cores, 7G,  Windows 10 , 64 bit Build 17134 (10.0.17134.1)
Time: Wed Feb 20 22:46:58 2019 Eastern Standard Time elapsed time: 0 seconds (0d 0h 0m 0s)

---------------  T H R E A D  ---------------

Current thread (0x00000256ad290000):  JavaThread "Unknown thread" [_thread_in_vm, id=22128, stack(0x000000cc01400000,0x000000cc01500000)]

Stack: [0x000000cc01400000,0x000000cc01500000]
Native frames: (J=compiled Java code, j=interpreted, Vv=VM code, C=native code)
V  [jvm.dll+0x63574a]
V  [jvm.dll+0x77326f]
V  [jvm.dll+0x77491a]
V  [jvm.dll+0x774fd3]
V  [jvm.dll+0x25e418]
V  [jvm.dll+0x632c0a]
V  [jvm.dll+0x627645]
V  [jvm.dll+0x314e7c]
V  [jvm.dll+0x314d02]
V  [jvm.dll+0x31a576]
V  [jvm.dll+0x36635f]
V  [jvm.dll+0x365d80]
V  [jvm.dll+0x2f19f8]
V  [jvm.dll+0x2f2b56]
V  [jvm.dll+0x74c817]
V  [jvm.dll+0x74df5f]
V  [jvm.dll+0x373179]
V  [jvm.dll+0x732eb9]
V  [jvm.dll+0x3e295d]
V  [jvm.dll+0x3e4c61]
C  [javaw.exe+0x3617]
C  [javaw.exe+0x17e2c]
C  [KERNEL32.DLL+0x13034]
C  [ntdll.dll+0x73691]


---------------  P R O C E S S  ---------------

Threads class SMR info:
_java_thread_list=0x00000256ab0739e0, length=0, elements={
}

Java Threads: ( => current thread )

Other Threads:
  0x00000256ad2a5000 GCTaskThread "GC Thread#0" [stack: 0x000000cc01500000,0x000000cc01600000] [id=23700]
  0x00000256ad2d6000 ConcurrentGCThread "G1 Main Marker" [stack: 0x000000cc01600000,0x000000cc01700000] [id=28028]
  0x00000256ad2d8800 ConcurrentGCThread "G1 Conc#0" [stack: 0x000000cc01700000,0x000000cc01800000] [id=16852]

[error occurred during error reporting (printing all threads), id 0xc0000005, EXCEPTION_ACCESS_VIOLATION (0xc0000005) at pc=0x00007ffef8bb0197]

VM state:not at safepoint (not fully initialized)

VM Mutex/Monitor currently owned by a thread:  ([mutex/lock_event])
[0x00000256ad28e3f0] Heap_lock - owner thread: 0x00000256ad290000

Heap address: 0x0000000081400000, size: 2028 MB, Compressed Oops mode: Non-zero based: 0x0000000081400000
Narrow klass base: 0x0000000000000000, Narrow klass shift: 0

GC Heap History (0 events):
No events

Deoptimization events (0 events):
No events

Classes redefined (0 events):
No events

Internal exceptions (0 events):
No events

Events (0 events):
No events


Dynamic libraries:
0x00007ff6dac50000 - 0x00007ff6dac97000 	C:\Program Files\Java\jdk-11.0.2\bin\javaw.exe
0x00007fff47040000 - 0x00007fff47221000 	C:\windows\SYSTEM32\ntdll.dll
0x00007fff444d0000 - 0x00007fff44582000 	C:\windows\System32\KERNEL32.DLL
0x00007fff43770000 - 0x00007fff439e3000 	C:\windows\System32\KERNELBASE.dll
0x00007fff46310000 - 0x00007fff463b1000 	C:\windows\System32\ADVAPI32.dll
0x00007fff459f0000 - 0x00007fff45a8e000 	C:\windows\System32\msvcrt.dll
0x00007fff46fb0000 - 0x00007fff4700b000 	C:\windows\System32\sechost.dll
0x00007fff46400000 - 0x00007fff46524000 	C:\windows\System32\RPCRT4.dll
0x00007fff46120000 - 0x00007fff462b0000 	C:\windows\System32\USER32.dll
0x00007fff43750000 - 0x00007fff43770000 	C:\windows\System32\win32u.dll
0x00007fff463c0000 - 0x00007fff463e8000 	C:\windows\System32\GDI32.dll
0x00007fff43a50000 - 0x00007fff43be2000 	C:\windows\System32\gdi32full.dll
0x00007fff44430000 - 0x00007fff444cf000 	C:\windows\System32\msvcp_win.dll
0x00007fff43460000 - 0x00007fff4355a000 	C:\windows\System32\ucrtbase.dll
0x00007fff28d50000 - 0x00007fff28fb9000 	C:\windows\WinSxS\amd64_microsoft.windows.common-controls_6595b64144ccf1df_6.0.17134.523_none_fb409dd930672a56\COMCTL32.dll
0x00007fff3dd70000 - 0x00007fff3dd7a000 	C:\windows\SYSTEM32\VERSION.dll
0x00007fff45d50000 - 0x00007fff46072000 	C:\windows\System32\combase.dll
0x00007fff43bf0000 - 0x00007fff43c6a000 	C:\windows\System32\bcryptPrimitives.dll
0x00007fff46e10000 - 0x00007fff46e3d000 	C:\windows\System32\IMM32.DLL
0x00007fff28720000 - 0x00007fff28736000 	C:\Program Files\Java\jdk-11.0.2\bin\vcruntime140.dll
0x00007fff1b060000 - 0x00007fff1b10a000 	C:\Program Files\Java\jdk-11.0.2\bin\msvcp140.dll
0x00007ffef88b0000 - 0x00007ffef93d7000 	C:\Program Files\Java\jdk-11.0.2\bin\server\jvm.dll
0x00007fff46eb0000 - 0x00007fff46eb8000 	C:\windows\System32\PSAPI.DLL
0x00007fff28aa0000 - 0x00007fff28aa9000 	C:\windows\SYSTEM32\WSOCK32.dll
0x00007fff3eea0000 - 0x00007fff3eec3000 	C:\windows\SYSTEM32\WINMM.dll
0x00007fff46e40000 - 0x00007fff46eac000 	C:\windows\System32\WS2_32.dll
0x00007fff3ee40000 - 0x00007fff3ee6a000 	C:\windows\SYSTEM32\winmmbase.dll
0x00007fff43410000 - 0x00007fff43459000 	C:\windows\System32\cfgmgr32.dll
0x00007fff433c0000 - 0x00007fff433d1000 	C:\windows\System32\kernel.appcore.dll
0x00007fff3eca0000 - 0x00007fff3ecb1000 	C:\Program Files\Java\jdk-11.0.2\bin\verify.dll
0x00007fff41da0000 - 0x00007fff41f69000 	C:\windows\SYSTEM32\DBGHELP.DLL
0x00007fff28360000 - 0x00007fff28389000 	C:\windows\SYSTEM32\dbgcore.DLL
0x00007fff286b0000 - 0x00007fff286d9000 	C:\Program Files\Java\jdk-11.0.2\bin\java.dll
0x00007fff34450000 - 0x00007fff34466000 	C:\Program Files\Java\jdk-11.0.2\bin\zip.dll
0x00007fff3f820000 - 0x00007fff3f82a000 	C:\Program Files\Java\jdk-11.0.2\bin\jimage.dll

dbghelp: loaded successfully - version: 4.0.5 - missing functions: none
symbol engine: initialized successfully - sym options: 0x614 - pdb path: .;C:\Program Files\Java\jdk-11.0.2\bin;C:\windows\SYSTEM32;C:\windows\WinSxS\amd64_microsoft.windows.common-controls_6595b64144ccf1df_6.0.17134.523_none_fb409dd930672a56;C:\Program Files\Java\jdk-11.0.2\bin\server

VM Arguments:
jvm_args: -Dfile.encoding=UTF-8 
java_command: edu.smith.cs.csc212.p4.InteractiveFiction
java_class_path (initial): C:\Users\vanes\git\CSC212\CSC212P4\target\classes
Launcher Type: SUN_STANDARD

[Global flags]
     intx CICompilerCount                          = 3                                         {product} {ergonomic}
     uint ConcGCThreads                            = 1                                         {product} {ergonomic}
     uint G1ConcRefinementThreads                  = 4                                         {product} {ergonomic}
   size_t G1HeapRegionSize                         = 1048576                                   {product} {ergonomic}
    uintx GCDrainStackTargetSize                   = 64                                        {product} {ergonomic}
   size_t InitialHeapSize                          = 134217728                                 {product} {ergonomic}
   size_t MarkStackSize                            = 4194304                                   {product} {ergonomic}
   size_t MaxHeapSize                              = 2126512128                                {product} {ergonomic}
   size_t MinHeapDeltaBytes                        = 1048576                                   {product} {ergonomic}
    uintx NonNMethodCodeHeapSize                   = 5830092                                {pd product} {ergonomic}
    uintx NonProfiledCodeHeapSize                  = 122914074                              {pd product} {ergonomic}
    uintx ProfiledCodeHeapSize                     = 122914074                              {pd product} {ergonomic}
    uintx ReservedCodeCacheSize                    = 251658240                              {pd product} {ergonomic}
     bool SegmentedCodeCache                       = true                                      {product} {ergonomic}
     bool UseCompressedClassPointers               = true                                 {lp64_product} {ergonomic}
     bool UseCompressedOops                        = true                                 {lp64_product} {ergonomic}
     bool UseG1GC                                  = true                                      {product} {ergonomic}
     bool UseLargePagesIndividualAllocation        = false                                  {pd product} {ergonomic}

Logging:
Log output configuration:
 #0: stdout all=warning uptime,level,tags
 #1: stderr all=off uptime,level,tags

Environment Variables:
PATH=C:/Program Files/Java/jdk-11.0.2/bin/server;C:/Program Files/Java/jdk-11.0.2/bin;C:\windows\system32;C:\windows;C:\windows\System32\Wbem;C:\windows\System32\WindowsPowerShell\v1.0\;C:\windows\System32\OpenSSH\;C:\Program Files (x86)\Intel\Intel(R) Management Engine Components\DAL;C:\Program Files\Intel\Intel(R) Management Engine Components\DAL;C:\Program Files (x86)\Intel\Intel(R) Management Engine Components\IPT;C:\Program Files\Intel\Intel(R) Management Engine Components\IPT;C:\Program Files\Git\cmd;C:\Users\vanes\AppData\Local\Programs\Python\Python36\Scripts\;C:\Users\vanes\AppData\Local\Programs\Python\Python36\;C:\Users\vanes\.cargo\bin;C:\Users\vanes\AppData\Local\Microsoft\WindowsApps;;C:\Users\vanes\AppData\Local\Programs\Microsoft VS Code\bin;C:\Users\vanes\OneDrive\Desktop;
USERNAME=vanes
OS=Windows_NT
PROCESSOR_IDENTIFIER=Intel64 Family 6 Model 142 Stepping 10, GenuineIntel



---------------  S Y S T E M  ---------------

OS: Windows 10 , 64 bit Build 17134 (10.0.17134.1)

CPU:total 4 (initial active 4) (2 cores per cpu, 2 threads per core) family 6 model 142 stepping 10, cmov, cx8, fxsr, mmx, sse, sse2, sse3, ssse3, sse4.1, sse4.2, popcnt, avx, avx2, aes, clmul, erms, 3dnowpref, lzcnt, ht, tsc, tscinvbit, bmi1, bmi2, adx, fma

Memory: 4k page, system-wide physical 8107M (739M free)
TotalPageFile size 23212M (AvailPageFile size 35M)
current process WorkingSet (physical memory assigned to process): 9M, peak: 9M
current process commit charge ("private bytes"): 51M, peak: 179M

vm_info: Java HotSpot(TM) 64-Bit Server VM (11.0.2+9-LTS) for windows-amd64 JRE (11.0.2+9-LTS), built on Jan 18 2019 05:24:10 by "mach5one" with MS VC++ 15.5 (VS2017)

END.
